2026-05-16 17:59:27 [main] INFO  testCases.TC001_AccountRegistrationTest - starting account registration page
2026-05-16 17:59:27 [main] INFO  testCases.TC001_AccountRegistrationTest - clicked on myaccount link
2026-05-16 17:59:28 [main] INFO  testCases.TC001_AccountRegistrationTest - clicked on registration link
2026-05-16 17:59:28 [main] INFO  testCases.TC001_AccountRegistrationTest - providing customer info
2026-05-16 17:59:31 [main] INFO  testCases.TC001_AccountRegistrationTest - validating account registration
2026-05-16 17:59:31 [main] INFO  testCases.TC001_AccountRegistrationTest - finished
2026-05-16 18:08:39 [main] INFO  testCases.TC001_AccountRegistrationTest - starting account registration page
2026-05-16 18:08:40 [main] INFO  testCases.TC001_AccountRegistrationTest - clicked on myaccount link
2026-05-16 18:08:40 [main] INFO  testCases.TC001_AccountRegistrationTest - clicked on registration link
2026-05-16 18:08:40 [main] INFO  testCases.TC001_AccountRegistrationTest - providing customer info
2026-05-16 18:08:42 [main] INFO  testCases.TC001_AccountRegistrationTest - validating account registration
2026-05-16 18:08:42 [main] INFO  testCases.TC001_AccountRegistrationTest - finished
2026-05-16 18:10:09 [main] INFO  testCases.TC001_AccountRegistrationTest - starting account registration page
2026-05-16 18:10:09 [main] INFO  testCases.TC001_AccountRegistrationTest - clicked on myaccount link
2026-05-16 18:10:10 [main] INFO  testCases.TC001_AccountRegistrationTest - clicked on registration link
2026-05-16 18:10:10 [main] INFO  testCases.TC001_AccountRegistrationTest - providing customer info
2026-05-16 18:10:14 [main] INFO  testCases.TC001_AccountRegistrationTest - validating account registration
2026-05-16 18:12:53 [main] INFO  testCases.TC001_AccountRegistrationTest - starting account registration page
2026-05-16 18:12:54 [main] INFO  testCases.TC001_AccountRegistrationTest - clicked on myaccount link
2026-05-16 18:12:54 [main] INFO  testCases.TC001_AccountRegistrationTest - clicked on registration link
2026-05-16 18:12:54 [main] INFO  testCases.TC001_AccountRegistrationTest - providing customer info
2026-05-16 18:12:56 [main] INFO  testCases.TC001_AccountRegistrationTest - validating account registration
2026-05-16 18:17:45 [main] INFO  testCases.TC001_AccountRegistrationTest - starting account registration page
2026-05-16 18:17:45 [main] INFO  testCases.TC001_AccountRegistrationTest - clicked on myaccount link
2026-05-16 18:17:46 [main] INFO  testCases.TC001_AccountRegistrationTest - clicked on registration link
2026-05-16 18:17:46 [main] INFO  testCases.TC001_AccountRegistrationTest - providing customer info
2026-05-16 18:17:48 [main] INFO  testCases.TC001_AccountRegistrationTest - validating account registration
2026-05-16 18:17:48 [main] ERROR testCases.TC001_AccountRegistrationTest - test failed
2026-05-16 18:17:48 [main] DEBUG testCases.TC001_AccountRegistrationTest - debug logs
2026-05-17 10:32:31 [main] INFO  testCases.TC001_AccountRegistrationTest - starting account registration page
2026-05-17 10:32:31 [main] INFO  testCases.TC001_AccountRegistrationTest - clicked on myaccount link
2026-05-17 10:32:32 [main] INFO  testCases.TC001_AccountRegistrationTest - clicked on registration link
2026-05-17 10:32:32 [main] INFO  testCases.TC001_AccountRegistrationTest - providing customer info
2026-05-17 10:32:35 [main] INFO  testCases.TC001_AccountRegistrationTest - validating account registration
2026-05-17 10:32:35 [main] ERROR testCases.TC001_AccountRegistrationTest - test failed
2026-05-17 10:32:35 [main] DEBUG testCases.TC001_AccountRegistrationTest - debug logs
2026-05-17 10:33:23 [main] INFO  testCases.TC001_AccountRegistrationTest - starting account registration page
2026-05-17 10:33:24 [main] INFO  testCases.TC001_AccountRegistrationTest - clicked on myaccount link
2026-05-17 10:33:24 [main] INFO  testCases.TC001_AccountRegistrationTest - clicked on registration link
2026-05-17 10:33:24 [main] INFO  testCases.TC001_AccountRegistrationTest - providing customer info
2026-05-17 10:38:10 [main] INFO  testCases.TC001_AccountRegistrationTest - starting account registration page
2026-05-17 10:38:10 [main] INFO  testCases.TC001_AccountRegistrationTest - clicked on myaccount link
2026-05-17 10:38:10 [main] INFO  testCases.TC001_AccountRegistrationTest - clicked on registration link
2026-05-17 10:38:10 [main] INFO  testCases.TC001_AccountRegistrationTest - providing customer info
2026-05-17 10:38:25 [main] INFO  testCases.TC001_AccountRegistrationTest - starting account registration page
2026-05-17 10:38:25 [main] INFO  testCases.TC001_AccountRegistrationTest - clicked on myaccount link
2026-05-17 10:38:25 [main] INFO  testCases.TC001_AccountRegistrationTest - clicked on registration link
2026-05-17 10:38:25 [main] INFO  testCases.TC001_AccountRegistrationTest - providing customer info
2026-05-17 10:38:29 [main] INFO  testCases.TC001_AccountRegistrationTest - validating account registration
2026-05-17 10:38:29 [main] INFO  testCases.TC001_AccountRegistrationTest - finished
2026-05-17 10:39:37 [main] INFO  testCases.TC001_AccountRegistrationTest - starting account registration page
2026-05-17 10:39:37 [main] INFO  testCases.TC001_AccountRegistrationTest - clicked on myaccount link
2026-05-17 10:39:37 [main] INFO  testCases.TC001_AccountRegistrationTest - clicked on registration link
2026-05-17 10:39:37 [main] INFO  testCases.TC001_AccountRegistrationTest - providing customer info
2026-05-17 10:39:51 [main] INFO  testCases.TC001_AccountRegistrationTest - starting account registration page
2026-05-17 10:39:51 [main] INFO  testCases.TC001_AccountRegistrationTest - clicked on myaccount link
2026-05-17 10:39:51 [main] INFO  testCases.TC001_AccountRegistrationTest - clicked on registration link
2026-05-17 10:39:51 [main] INFO  testCases.TC001_AccountRegistrationTest - providing customer info
2026-05-17 10:39:54 [main] INFO  testCases.TC001_AccountRegistrationTest - validating account registration
2026-05-17 10:39:59 [main] INFO  testCases.TC001_AccountRegistrationTest - finished
2026-05-17 10:42:31 [main] INFO  testCases.TC001_AccountRegistrationTest - starting account registration page
2026-05-17 10:42:31 [main] INFO  testCases.TC001_AccountRegistrationTest - clicked on myaccount link
2026-05-17 10:42:31 [main] INFO  testCases.TC001_AccountRegistrationTest - clicked on registration link
2026-05-17 10:42:31 [main] INFO  testCases.TC001_AccountRegistrationTest - providing customer info
2026-05-17 10:42:45 [main] INFO  testCases.TC001_AccountRegistrationTest - starting account registration page
2026-05-17 10:42:45 [main] INFO  testCases.TC001_AccountRegistrationTest - clicked on myaccount link
2026-05-17 10:42:46 [main] INFO  testCases.TC001_AccountRegistrationTest - clicked on registration link
2026-05-17 10:42:46 [main] INFO  testCases.TC001_AccountRegistrationTest - providing customer info
2026-05-17 10:42:54 [main] INFO  testCases.TC001_AccountRegistrationTest - validating account registration
2026-05-17 10:42:59 [main] INFO  testCases.TC001_AccountRegistrationTest - finished
2026-05-17 10:44:31 [TestNG-tests-1] INFO  testCases.TC001_AccountRegistrationTest - starting account registration page
2026-05-17 10:44:31 [TestNG-tests-1] INFO  testCases.TC001_AccountRegistrationTest - clicked on myaccount link
2026-05-17 10:44:32 [TestNG-tests-2] INFO  testCases.TC001_AccountRegistrationTest - starting account registration page
2026-05-17 10:44:32 [TestNG-tests-2] INFO  testCases.TC001_AccountRegistrationTest - clicked on myaccount link
2026-05-17 10:44:32 [TestNG-tests-2] INFO  testCases.TC001_AccountRegistrationTest - clicked on registration link
2026-05-17 10:44:32 [TestNG-tests-2] INFO  testCases.TC001_AccountRegistrationTest - providing customer info
2026-05-17 10:44:40 [TestNG-tests-2] INFO  testCases.TC001_AccountRegistrationTest - validating account registration
2026-05-17 10:44:45 [TestNG-tests-2] INFO  testCases.TC001_AccountRegistrationTest - finished
2026-05-17 10:46:55 [TestNG-tests-1] INFO  testCases.TC001_AccountRegistrationTest - starting account registration page
2026-05-17 10:46:55 [TestNG-tests-1] INFO  testCases.TC001_AccountRegistrationTest - clicked on myaccount link
2026-05-17 10:46:56 [TestNG-tests-2] INFO  testCases.TC001_AccountRegistrationTest - starting account registration page
2026-05-17 10:46:56 [TestNG-tests-2] INFO  testCases.TC001_AccountRegistrationTest - clicked on myaccount link
2026-05-17 10:46:57 [TestNG-tests-2] INFO  testCases.TC001_AccountRegistrationTest - clicked on registration link
2026-05-17 10:47:02 [TestNG-tests-2] INFO  testCases.TC001_AccountRegistrationTest - providing customer info
2026-05-17 10:47:09 [TestNG-tests-2] INFO  testCases.TC001_AccountRegistrationTest - validating account registration
2026-05-17 10:47:14 [TestNG-tests-2] INFO  testCases.TC001_AccountRegistrationTest - finished
2026-05-17 11:00:05 [TestNG-tests-1] INFO  testCases.TC001_AccountRegistrationTest - starting account registration page
2026-05-17 11:00:05 [TestNG-tests-1] INFO  testCases.TC001_AccountRegistrationTest - clicked on myaccount link
2026-05-17 11:00:08 [TestNG-tests-2] INFO  testCases.TC001_AccountRegistrationTest - starting account registration page
2026-05-17 11:00:08 [TestNG-tests-2] INFO  testCases.TC001_AccountRegistrationTest - clicked on myaccount link
2026-05-17 11:00:10 [TestNG-tests-2] INFO  testCases.TC001_AccountRegistrationTest - clicked on registration link
2026-05-17 11:00:15 [TestNG-tests-2] INFO  testCases.TC001_AccountRegistrationTest - providing customer info
2026-05-17 11:00:25 [TestNG-tests-2] INFO  testCases.TC001_AccountRegistrationTest - validating account registration
2026-05-17 11:00:30 [TestNG-tests-2] INFO  testCases.TC001_AccountRegistrationTest - finished
2026-05-17 15:37:43 [main] INFO  testCases.TC_002LoginTest - starting login test
2026-05-17 15:44:29 [main] INFO  testCases.TC_002LoginTest - starting login test
2026-05-17 15:44:55 [main] INFO  testCases.TC_002LoginTest - starting login test
2026-05-17 15:48:01 [main] INFO  testCases.TC_002LoginTest - starting login test
2026-05-17 15:48:01 [main] INFO  testCases.TC_002LoginTest - clicked my account
2026-05-17 15:48:01 [main] INFO  testCases.TC_002LoginTest - clicked my login
2026-05-17 15:48:01 [main] INFO  testCases.TC_002LoginTest - passed email
2026-05-17 15:51:00 [main] INFO  testCases.TC_002LoginTest - starting login test
2026-05-17 15:51:00 [main] INFO  testCases.TC_002LoginTest - clicked my account
2026-05-17 15:51:00 [main] INFO  testCases.TC_002LoginTest - clicked my login
2026-05-17 15:51:00 [main] INFO  testCases.TC_002LoginTest - passed email
2026-05-17 15:52:46 [main] INFO  testCases.TC_002LoginTest - starting login test
2026-05-17 15:52:46 [main] INFO  testCases.TC_002LoginTest - clicked my account
2026-05-17 15:52:46 [main] INFO  testCases.TC_002LoginTest - clicked my login
2026-05-17 15:52:51 [main] INFO  testCases.TC_002LoginTest - passed email
2026-05-17 15:52:59 [main] INFO  testCases.TC_002LoginTest - passed password
2026-05-17 15:53:01 [main] INFO  testCases.TC_002LoginTest - checking is my acc exist
2026-05-17 15:54:34 [main] INFO  testCases.TC_002LoginTest - starting login test
2026-05-17 15:54:34 [main] INFO  testCases.TC_002LoginTest - clicked my account
2026-05-17 15:54:34 [main] INFO  testCases.TC_002LoginTest - clicked my login
2026-05-17 15:54:39 [main] INFO  testCases.TC_002LoginTest - passed email
2026-05-17 15:54:45 [main] INFO  testCases.TC_002LoginTest - passed password
2026-05-17 15:54:46 [main] INFO  testCases.TC_002LoginTest - checking is my acc exist
2026-05-17 15:54:51 [main] INFO  testCases.TC_002LoginTest - finished login page
2026-05-17 19:32:24 [main] DEBUG org.apache.poi.openxml4j.opc.PackageRelationshipCollection - Parsing relationship: /xl/_rels/workbook.xml.rels
2026-05-17 19:32:24 [main] DEBUG org.apache.poi.openxml4j.opc.PackageRelationshipCollection - Parsing relationship: /xl/worksheets/_rels/sheet1.xml.rels
2026-05-17 19:32:24 [main] DEBUG org.apache.poi.openxml4j.opc.PackageRelationshipCollection - Parsing relationship: /_rels/.rels
2026-05-17 19:32:24 [main] DEBUG org.apache.poi.openxml4j.opc.PackageRelationshipCollection - Parsing relationship: /xl/_rels/workbook.xml.rels
2026-05-17 19:32:24 [main] DEBUG org.apache.poi.openxml4j.opc.PackageRelationshipCollection - Parsing relationship: /xl/worksheets/_rels/sheet1.xml.rels
2026-05-17 19:32:24 [main] DEBUG org.apache.poi.openxml4j.opc.PackageRelationshipCollection - Parsing relationship: /_rels/.rels
2026-05-17 19:32:24 [main] DEBUG org.apache.poi.openxml4j.opc.PackageRelationshipCollection - Parsing relationship: /xl/_rels/workbook.xml.rels
2026-05-17 19:32:24 [main] DEBUG org.apache.poi.openxml4j.opc.PackageRelationshipCollection - Parsing relationship: /xl/worksheets/_rels/sheet1.xml.rels
2026-05-17 19:32:24 [main] DEBUG org.apache.poi.openxml4j.opc.PackageRelationshipCollection - Parsing relationship: /_rels/.rels
2026-05-17 19:32:24 [main] DEBUG org.apache.poi.openxml4j.opc.PackageRelationshipCollection - Parsing relationship: /xl/_rels/workbook.xml.rels
2026-05-17 19:32:24 [main] DEBUG org.apache.poi.openxml4j.opc.PackageRelationshipCollection - Parsing relationship: /xl/worksheets/_rels/sheet1.xml.rels
2026-05-17 19:32:24 [main] DEBUG org.apache.poi.openxml4j.opc.PackageRelationshipCollection - Parsing relationship: /_rels/.rels
2026-05-17 19:32:24 [main] DEBUG org.apache.poi.openxml4j.opc.PackageRelationshipCollection - Parsing relationship: /xl/_rels/workbook.xml.rels
2026-05-17 19:32:24 [main] DEBUG org.apache.poi.openxml4j.opc.PackageRelationshipCollection - Parsing relationship: /xl/worksheets/_rels/sheet1.xml.rels
2026-05-17 19:32:24 [main] DEBUG org.apache.poi.openxml4j.opc.PackageRelationshipCollection - Parsing relationship: /_rels/.rels
2026-05-17 19:32:24 [main] DEBUG org.apache.poi.openxml4j.opc.PackageRelationshipCollection - Parsing relationship: /xl/_rels/workbook.xml.rels
2026-05-17 19:32:24 [main] DEBUG org.apache.poi.openxml4j.opc.PackageRelationshipCollection - Parsing relationship: /xl/worksheets/_rels/sheet1.xml.rels
2026-05-17 19:32:24 [main] DEBUG org.apache.poi.openxml4j.opc.PackageRelationshipCollection - Parsing relationship: /_rels/.rels
2026-05-17 19:32:24 [main] DEBUG org.apache.poi.openxml4j.opc.PackageRelationshipCollection - Parsing relationship: /xl/_rels/workbook.xml.rels
2026-05-17 19:32:24 [main] DEBUG org.apache.poi.openxml4j.opc.PackageRelationshipCollection - Parsing relationship: /xl/worksheets/_rels/sheet1.xml.rels
2026-05-17 19:32:24 [main] DEBUG org.apache.poi.openxml4j.opc.PackageRelationshipCollection - Parsing relationship: /_rels/.rels
2026-05-17 19:32:24 [main] DEBUG org.apache.poi.openxml4j.opc.PackageRelationshipCollection - Parsing relationship: /xl/_rels/workbook.xml.rels
2026-05-17 19:32:24 [main] DEBUG org.apache.poi.openxml4j.opc.PackageRelationshipCollection - Parsing relationship: /xl/worksheets/_rels/sheet1.xml.rels
2026-05-17 19:32:24 [main] DEBUG org.apache.poi.openxml4j.opc.PackageRelationshipCollection - Parsing relationship: /_rels/.rels
2026-05-17 19:32:24 [main] DEBUG org.apache.poi.openxml4j.opc.PackageRelationshipCollection - Parsing relationship: /xl/_rels/workbook.xml.rels
2026-05-17 19:32:24 [main] DEBUG org.apache.poi.openxml4j.opc.PackageRelationshipCollection - Parsing relationship: /xl/worksheets/_rels/sheet1.xml.rels
2026-05-17 19:32:24 [main] DEBUG org.apache.poi.openxml4j.opc.PackageRelationshipCollection - Parsing relationship: /_rels/.rels
2026-05-17 19:32:24 [main] DEBUG org.apache.poi.openxml4j.opc.PackageRelationshipCollection - Parsing relationship: /xl/_rels/workbook.xml.rels
2026-05-17 19:32:24 [main] DEBUG org.apache.poi.openxml4j.opc.PackageRelationshipCollection - Parsing relationship: /xl/worksheets/_rels/sheet1.xml.rels
2026-05-17 19:32:24 [main] DEBUG org.apache.poi.openxml4j.opc.PackageRelationshipCollection - Parsing relationship: /_rels/.rels
2026-05-17 19:32:24 [main] DEBUG org.apache.poi.openxml4j.opc.PackageRelationshipCollection - Parsing relationship: /xl/_rels/workbook.xml.rels
2026-05-17 19:32:24 [main] DEBUG org.apache.poi.openxml4j.opc.PackageRelationshipCollection - Parsing relationship: /xl/worksheets/_rels/sheet1.xml.rels
2026-05-17 19:32:24 [main] DEBUG org.apache.poi.openxml4j.opc.PackageRelationshipCollection - Parsing relationship: /_rels/.rels
2026-05-17 19:32:24 [main] DEBUG org.apache.poi.openxml4j.opc.PackageRelationshipCollection - Parsing relationship: /xl/_rels/workbook.xml.rels
2026-05-17 19:32:24 [main] DEBUG org.apache.poi.openxml4j.opc.PackageRelationshipCollection - Parsing relationship: /xl/worksheets/_rels/sheet1.xml.rels
2026-05-17 19:32:24 [main] DEBUG org.apache.poi.openxml4j.opc.PackageRelationshipCollection - Parsing relationship: /_rels/.rels
2026-05-17 19:32:24 [main] DEBUG org.apache.poi.openxml4j.opc.PackageRelationshipCollection - Parsing relationship: /xl/_rels/workbook.xml.rels
2026-05-17 19:32:24 [main] DEBUG org.apache.poi.openxml4j.opc.PackageRelationshipCollection - Parsing relationship: /xl/worksheets/_rels/sheet1.xml.rels
2026-05-17 19:32:24 [main] DEBUG org.apache.poi.openxml4j.opc.PackageRelationshipCollection - Parsing relationship: /_rels/.rels
2026-05-17 19:32:25 [main] DEBUG org.apache.poi.openxml4j.opc.PackageRelationshipCollection - Parsing relationship: /xl/_rels/workbook.xml.rels
2026-05-17 19:32:25 [main] DEBUG org.apache.poi.openxml4j.opc.PackageRelationshipCollection - Parsing relationship: /xl/worksheets/_rels/sheet1.xml.rels
2026-05-17 19:32:25 [main] DEBUG org.apache.poi.openxml4j.opc.PackageRelationshipCollection - Parsing relationship: /_rels/.rels
2026-05-17 19:32:25 [main] DEBUG org.apache.poi.openxml4j.opc.PackageRelationshipCollection - Parsing relationship: /xl/_rels/workbook.xml.rels
2026-05-17 19:32:25 [main] DEBUG org.apache.poi.openxml4j.opc.PackageRelationshipCollection - Parsing relationship: /xl/worksheets/_rels/sheet1.xml.rels
2026-05-17 19:32:25 [main] DEBUG org.apache.poi.openxml4j.opc.PackageRelationshipCollection - Parsing relationship: /_rels/.rels
2026-05-17 19:32:25 [main] DEBUG org.apache.poi.openxml4j.opc.PackageRelationshipCollection - Parsing relationship: /xl/_rels/workbook.xml.rels
2026-05-17 19:32:25 [main] DEBUG org.apache.poi.openxml4j.opc.PackageRelationshipCollection - Parsing relationship: /xl/worksheets/_rels/sheet1.xml.rels
2026-05-17 19:32:25 [main] DEBUG org.apache.poi.openxml4j.opc.PackageRelationshipCollection - Parsing relationship: /_rels/.rels
2026-05-17 19:32:25 [main] DEBUG org.apache.poi.openxml4j.opc.PackageRelationshipCollection - Parsing relationship: /xl/_rels/workbook.xml.rels
2026-05-17 19:32:25 [main] DEBUG org.apache.poi.openxml4j.opc.PackageRelationshipCollection - Parsing relationship: /xl/worksheets/_rels/sheet1.xml.rels
2026-05-17 19:32:25 [main] DEBUG org.apache.poi.openxml4j.opc.PackageRelationshipCollection - Parsing relationship: /_rels/.rels
2026-05-17 19:32:25 [main] INFO  testCases.TC_003LoginDDT - login test
2026-05-17 19:32:25 [main] INFO  testCases.TC_003LoginDDT - login test
2026-05-17 19:32:35 [main] INFO  testCases.TC_003LoginDDT - finished login test
2026-05-17 19:32:35 [main] INFO  testCases.TC_003LoginDDT - login test
2026-05-17 19:32:45 [main] INFO  testCases.TC_003LoginDDT - finished login test
2026-05-17 19:32:45 [main] INFO  testCases.TC_003LoginDDT - login test
2026-05-17 19:32:56 [main] INFO  testCases.TC_003LoginDDT - finished login test
2026-05-17 19:32:56 [main] INFO  testCases.TC_003LoginDDT - login test
2026-05-17 19:33:06 [main] INFO  testCases.TC_003LoginDDT - finished login test
2026-05-17 19:35:41 [main] DEBUG org.apache.poi.openxml4j.opc.PackageRelationshipCollection - Parsing relationship: /xl/_rels/workbook.xml.rels
2026-05-17 19:35:41 [main] DEBUG org.apache.poi.openxml4j.opc.PackageRelationshipCollection - Parsing relationship: /xl/worksheets/_rels/sheet1.xml.rels
2026-05-17 19:35:41 [main] DEBUG org.apache.poi.openxml4j.opc.PackageRelationshipCollection - Parsing relationship: /_rels/.rels
2026-05-17 19:35:42 [main] DEBUG org.apache.poi.openxml4j.opc.PackageRelationshipCollection - Parsing relationship: /xl/_rels/workbook.xml.rels
2026-05-17 19:35:42 [main] DEBUG org.apache.poi.openxml4j.opc.PackageRelationshipCollection - Parsing relationship: /xl/worksheets/_rels/sheet1.xml.rels
2026-05-17 19:35:42 [main] DEBUG org.apache.poi.openxml4j.opc.PackageRelationshipCollection - Parsing relationship: /_rels/.rels
2026-05-17 19:35:42 [main] DEBUG org.apache.poi.openxml4j.opc.PackageRelationshipCollection - Parsing relationship: /xl/_rels/workbook.xml.rels
2026-05-17 19:35:42 [main] DEBUG org.apache.poi.openxml4j.opc.PackageRelationshipCollection - Parsing relationship: /xl/worksheets/_rels/sheet1.xml.rels
2026-05-17 19:35:42 [main] DEBUG org.apache.poi.openxml4j.opc.PackageRelationshipCollection - Parsing relationship: /_rels/.rels
2026-05-17 19:35:42 [main] DEBUG org.apache.poi.openxml4j.opc.PackageRelationshipCollection - Parsing relationship: /xl/_rels/workbook.xml.rels
2026-05-17 19:35:42 [main] DEBUG org.apache.poi.openxml4j.opc.PackageRelationshipCollection - Parsing relationship: /xl/worksheets/_rels/sheet1.xml.rels
2026-05-17 19:35:42 [main] DEBUG org.apache.poi.openxml4j.opc.PackageRelationshipCollection - Parsing relationship: /_rels/.rels
2026-05-17 19:35:42 [main] DEBUG org.apache.poi.openxml4j.opc.PackageRelationshipCollection - Parsing relationship: /xl/_rels/workbook.xml.rels
2026-05-17 19:35:42 [main] DEBUG org.apache.poi.openxml4j.opc.PackageRelationshipCollection - Parsing relationship: /xl/worksheets/_rels/sheet1.xml.rels
2026-05-17 19:35:42 [main] DEBUG org.apache.poi.openxml4j.opc.PackageRelationshipCollection - Parsing relationship: /_rels/.rels
2026-05-17 19:35:42 [main] DEBUG org.apache.poi.openxml4j.opc.PackageRelationshipCollection - Parsing relationship: /xl/_rels/workbook.xml.rels
2026-05-17 19:35:42 [main] DEBUG org.apache.poi.openxml4j.opc.PackageRelationshipCollection - Parsing relationship: /xl/worksheets/_rels/sheet1.xml.rels
2026-05-17 19:35:42 [main] DEBUG org.apache.poi.openxml4j.opc.PackageRelationshipCollection - Parsing relationship: /_rels/.rels
2026-05-17 19:35:42 [main] DEBUG org.apache.poi.openxml4j.opc.PackageRelationshipCollection - Parsing relationship: /xl/_rels/workbook.xml.rels
2026-05-17 19:35:42 [main] DEBUG org.apache.poi.openxml4j.opc.PackageRelationshipCollection - Parsing relationship: /xl/worksheets/_rels/sheet1.xml.rels
2026-05-17 19:35:42 [main] DEBUG org.apache.poi.openxml4j.opc.PackageRelationshipCollection - Parsing relationship: /_rels/.rels
2026-05-17 19:35:42 [main] DEBUG org.apache.poi.openxml4j.opc.PackageRelationshipCollection - Parsing relationship: /xl/_rels/workbook.xml.rels
2026-05-17 19:35:42 [main] DEBUG org.apache.poi.openxml4j.opc.PackageRelationshipCollection - Parsing relationship: /xl/worksheets/_rels/sheet1.xml.rels
2026-05-17 19:35:42 [main] DEBUG org.apache.poi.openxml4j.opc.PackageRelationshipCollection - Parsing relationship: /_rels/.rels
2026-05-17 19:35:42 [main] DEBUG org.apache.poi.openxml4j.opc.PackageRelationshipCollection - Parsing relationship: /xl/_rels/workbook.xml.rels
2026-05-17 19:35:42 [main] DEBUG org.apache.poi.openxml4j.opc.PackageRelationshipCollection - Parsing relationship: /xl/worksheets/_rels/sheet1.xml.rels
2026-05-17 19:35:42 [main] DEBUG org.apache.poi.openxml4j.opc.PackageRelationshipCollection - Parsing relationship: /_rels/.rels
2026-05-17 19:35:42 [main] DEBUG org.apache.poi.openxml4j.opc.PackageRelationshipCollection - Parsing relationship: /xl/_rels/workbook.xml.rels
2026-05-17 19:35:42 [main] DEBUG org.apache.poi.openxml4j.opc.PackageRelationshipCollection - Parsing relationship: /xl/worksheets/_rels/sheet1.xml.rels
2026-05-17 19:35:42 [main] DEBUG org.apache.poi.openxml4j.opc.PackageRelationshipCollection - Parsing relationship: /_rels/.rels
2026-05-17 19:35:43 [main] DEBUG org.apache.poi.openxml4j.opc.PackageRelationshipCollection - Parsing relationship: /xl/_rels/workbook.xml.rels
2026-05-17 19:35:43 [main] DEBUG org.apache.poi.openxml4j.opc.PackageRelationshipCollection - Parsing relationship: /xl/worksheets/_rels/sheet1.xml.rels
2026-05-17 19:35:43 [main] DEBUG org.apache.poi.openxml4j.opc.PackageRelationshipCollection - Parsing relationship: /_rels/.rels
2026-05-17 19:35:43 [main] DEBUG org.apache.poi.openxml4j.opc.PackageRelationshipCollection - Parsing relationship: /xl/_rels/workbook.xml.rels
2026-05-17 19:35:43 [main] DEBUG org.apache.poi.openxml4j.opc.PackageRelationshipCollection - Parsing relationship: /xl/worksheets/_rels/sheet1.xml.rels
2026-05-17 19:35:43 [main] DEBUG org.apache.poi.openxml4j.opc.PackageRelationshipCollection - Parsing relationship: /_rels/.rels
2026-05-17 19:35:43 [main] DEBUG org.apache.poi.openxml4j.opc.PackageRelationshipCollection - Parsing relationship: /xl/_rels/workbook.xml.rels
2026-05-17 19:35:43 [main] DEBUG org.apache.poi.openxml4j.opc.PackageRelationshipCollection - Parsing relationship: /xl/worksheets/_rels/sheet1.xml.rels
2026-05-17 19:35:43 [main] DEBUG org.apache.poi.openxml4j.opc.PackageRelationshipCollection - Parsing relationship: /_rels/.rels
2026-05-17 19:35:43 [main] DEBUG org.apache.poi.openxml4j.opc.PackageRelationshipCollection - Parsing relationship: /xl/_rels/workbook.xml.rels
2026-05-17 19:35:43 [main] DEBUG org.apache.poi.openxml4j.opc.PackageRelationshipCollection - Parsing relationship: /xl/worksheets/_rels/sheet1.xml.rels
2026-05-17 19:35:43 [main] DEBUG org.apache.poi.openxml4j.opc.PackageRelationshipCollection - Parsing relationship: /_rels/.rels
2026-05-17 19:35:43 [main] DEBUG org.apache.poi.openxml4j.opc.PackageRelationshipCollection - Parsing relationship: /xl/_rels/workbook.xml.rels
2026-05-17 19:35:43 [main] DEBUG org.apache.poi.openxml4j.opc.PackageRelationshipCollection - Parsing relationship: /xl/worksheets/_rels/sheet1.xml.rels
2026-05-17 19:35:43 [main] DEBUG org.apache.poi.openxml4j.opc.PackageRelationshipCollection - Parsing relationship: /_rels/.rels
2026-05-17 19:35:43 [main] DEBUG org.apache.poi.openxml4j.opc.PackageRelationshipCollection - Parsing relationship: /xl/_rels/workbook.xml.rels
2026-05-17 19:35:43 [main] DEBUG org.apache.poi.openxml4j.opc.PackageRelationshipCollection - Parsing relationship: /xl/worksheets/_rels/sheet1.xml.rels
2026-05-17 19:35:43 [main] DEBUG org.apache.poi.openxml4j.opc.PackageRelationshipCollection - Parsing relationship: /_rels/.rels
2026-05-17 19:35:43 [main] DEBUG org.apache.poi.openxml4j.opc.PackageRelationshipCollection - Parsing relationship: /xl/_rels/workbook.xml.rels
2026-05-17 19:35:43 [main] DEBUG org.apache.poi.openxml4j.opc.PackageRelationshipCollection - Parsing relationship: /xl/worksheets/_rels/sheet1.xml.rels
2026-05-17 19:35:43 [main] DEBUG org.apache.poi.openxml4j.opc.PackageRelationshipCollection - Parsing relationship: /_rels/.rels
2026-05-17 19:35:43 [main] INFO  testCases.TC_003LoginDDT - login test
2026-05-17 19:35:43 [main] INFO  testCases.TC_003LoginDDT - login test
2026-05-17 19:35:43 [main] INFO  testCases.TC_003LoginDDT - login test
2026-05-17 19:35:43 [main] INFO  testCases.TC_003LoginDDT - login test
2026-05-17 19:35:44 [main] INFO  testCases.TC_003LoginDDT - login test
2026-05-17 19:38:52 [main] DEBUG org.apache.poi.openxml4j.opc.PackageRelationshipCollection - Parsing relationship: /xl/_rels/workbook.xml.rels
2026-05-17 19:38:52 [main] DEBUG org.apache.poi.openxml4j.opc.PackageRelationshipCollection - Parsing relationship: /xl/worksheets/_rels/sheet1.xml.rels
2026-05-17 19:38:52 [main] DEBUG org.apache.poi.openxml4j.opc.PackageRelationshipCollection - Parsing relationship: /_rels/.rels
2026-05-17 19:38:53 [main] DEBUG org.apache.poi.openxml4j.opc.PackageRelationshipCollection - Parsing relationship: /xl/_rels/workbook.xml.rels
2026-05-17 19:38:53 [main] DEBUG org.apache.poi.openxml4j.opc.PackageRelationshipCollection - Parsing relationship: /xl/worksheets/_rels/sheet1.xml.rels
2026-05-17 19:38:53 [main] DEBUG org.apache.poi.openxml4j.opc.PackageRelationshipCollection - Parsing relationship: /_rels/.rels
2026-05-17 19:38:53 [main] DEBUG org.apache.poi.openxml4j.opc.PackageRelationshipCollection - Parsing relationship: /xl/_rels/workbook.xml.rels
2026-05-17 19:38:53 [main] DEBUG org.apache.poi.openxml4j.opc.PackageRelationshipCollection - Parsing relationship: /xl/worksheets/_rels/sheet1.xml.rels
2026-05-17 19:38:53 [main] DEBUG org.apache.poi.openxml4j.opc.PackageRelationshipCollection - Parsing relationship: /_rels/.rels
2026-05-17 19:38:53 [main] DEBUG org.apache.poi.openxml4j.opc.PackageRelationshipCollection - Parsing relationship: /xl/_rels/workbook.xml.rels
2026-05-17 19:38:53 [main] DEBUG org.apache.poi.openxml4j.opc.PackageRelationshipCollection - Parsing relationship: /xl/worksheets/_rels/sheet1.xml.rels
2026-05-17 19:38:53 [main] DEBUG org.apache.poi.openxml4j.opc.PackageRelationshipCollection - Parsing relationship: /_rels/.rels
2026-05-17 19:38:53 [main] DEBUG org.apache.poi.openxml4j.opc.PackageRelationshipCollection - Parsing relationship: /xl/_rels/workbook.xml.rels
2026-05-17 19:38:53 [main] DEBUG org.apache.poi.openxml4j.opc.PackageRelationshipCollection - Parsing relationship: /xl/worksheets/_rels/sheet1.xml.rels
2026-05-17 19:38:53 [main] DEBUG org.apache.poi.openxml4j.opc.PackageRelationshipCollection - Parsing relationship: /_rels/.rels
2026-05-17 19:38:53 [main] DEBUG org.apache.poi.openxml4j.opc.PackageRelationshipCollection - Parsing relationship: /xl/_rels/workbook.xml.rels
2026-05-17 19:38:53 [main] DEBUG org.apache.poi.openxml4j.opc.PackageRelationshipCollection - Parsing relationship: /xl/worksheets/_rels/sheet1.xml.rels
2026-05-17 19:38:53 [main] DEBUG org.apache.poi.openxml4j.opc.PackageRelationshipCollection - Parsing relationship: /_rels/.rels
2026-05-17 19:38:53 [main] DEBUG org.apache.poi.openxml4j.opc.PackageRelationshipCollection - Parsing relationship: /xl/_rels/workbook.xml.rels
2026-05-17 19:38:53 [main] DEBUG org.apache.poi.openxml4j.opc.PackageRelationshipCollection - Parsing relationship: /xl/worksheets/_rels/sheet1.xml.rels
2026-05-17 19:38:53 [main] DEBUG org.apache.poi.openxml4j.opc.PackageRelationshipCollection - Parsing relationship: /_rels/.rels
2026-05-17 19:38:53 [main] DEBUG org.apache.poi.openxml4j.opc.PackageRelationshipCollection - Parsing relationship: /xl/_rels/workbook.xml.rels
2026-05-17 19:38:53 [main] DEBUG org.apache.poi.openxml4j.opc.PackageRelationshipCollection - Parsing relationship: /xl/worksheets/_rels/sheet1.xml.rels
2026-05-17 19:38:53 [main] DEBUG org.apache.poi.openxml4j.opc.PackageRelationshipCollection - Parsing relationship: /_rels/.rels
2026-05-17 19:38:53 [main] DEBUG org.apache.poi.openxml4j.opc.PackageRelationshipCollection - Parsing relationship: /xl/_rels/workbook.xml.rels
2026-05-17 19:38:53 [main] DEBUG org.apache.poi.openxml4j.opc.PackageRelationshipCollection - Parsing relationship: /xl/worksheets/_rels/sheet1.xml.rels
2026-05-17 19:38:53 [main] DEBUG org.apache.poi.openxml4j.opc.PackageRelationshipCollection - Parsing relationship: /_rels/.rels
2026-05-17 19:38:53 [main] DEBUG org.apache.poi.openxml4j.opc.PackageRelationshipCollection - Parsing relationship: /xl/_rels/workbook.xml.rels
2026-05-17 19:38:53 [main] DEBUG org.apache.poi.openxml4j.opc.PackageRelationshipCollection - Parsing relationship: /xl/worksheets/_rels/sheet1.xml.rels
2026-05-17 19:38:53 [main] DEBUG org.apache.poi.openxml4j.opc.PackageRelationshipCollection - Parsing relationship: /_rels/.rels
2026-05-17 19:38:53 [main] DEBUG org.apache.poi.openxml4j.opc.PackageRelationshipCollection - Parsing relationship: /xl/_rels/workbook.xml.rels
2026-05-17 19:38:53 [main] DEBUG org.apache.poi.openxml4j.opc.PackageRelationshipCollection - Parsing relationship: /xl/worksheets/_rels/sheet1.xml.rels
2026-05-17 19:38:53 [main] DEBUG org.apache.poi.openxml4j.opc.PackageRelationshipCollection - Parsing relationship: /_rels/.rels
2026-05-17 19:38:53 [main] DEBUG org.apache.poi.openxml4j.opc.PackageRelationshipCollection - Parsing relationship: /xl/_rels/workbook.xml.rels
2026-05-17 19:38:53 [main] DEBUG org.apache.poi.openxml4j.opc.PackageRelationshipCollection - Parsing relationship: /xl/worksheets/_rels/sheet1.xml.rels
2026-05-17 19:38:53 [main] DEBUG org.apache.poi.openxml4j.opc.PackageRelationshipCollection - Parsing relationship: /_rels/.rels
2026-05-17 19:38:53 [main] DEBUG org.apache.poi.openxml4j.opc.PackageRelationshipCollection - Parsing relationship: /xl/_rels/workbook.xml.rels
2026-05-17 19:38:53 [main] DEBUG org.apache.poi.openxml4j.opc.PackageRelationshipCollection - Parsing relationship: /xl/worksheets/_rels/sheet1.xml.rels
2026-05-17 19:38:53 [main] DEBUG org.apache.poi.openxml4j.opc.PackageRelationshipCollection - Parsing relationship: /_rels/.rels
2026-05-17 19:38:53 [main] DEBUG org.apache.poi.openxml4j.opc.PackageRelationshipCollection - Parsing relationship: /xl/_rels/workbook.xml.rels
2026-05-17 19:38:53 [main] DEBUG org.apache.poi.openxml4j.opc.PackageRelationshipCollection - Parsing relationship: /xl/worksheets/_rels/sheet1.xml.rels
2026-05-17 19:38:53 [main] DEBUG org.apache.poi.openxml4j.opc.PackageRelationshipCollection - Parsing relationship: /_rels/.rels
2026-05-17 19:38:53 [main] DEBUG org.apache.poi.openxml4j.opc.PackageRelationshipCollection - Parsing relationship: /xl/_rels/workbook.xml.rels
2026-05-17 19:38:53 [main] DEBUG org.apache.poi.openxml4j.opc.PackageRelationshipCollection - Parsing relationship: /xl/worksheets/_rels/sheet1.xml.rels
2026-05-17 19:38:53 [main] DEBUG org.apache.poi.openxml4j.opc.PackageRelationshipCollection - Parsing relationship: /_rels/.rels
2026-05-17 19:38:53 [main] DEBUG org.apache.poi.openxml4j.opc.PackageRelationshipCollection - Parsing relationship: /xl/_rels/workbook.xml.rels
2026-05-17 19:38:53 [main] DEBUG org.apache.poi.openxml4j.opc.PackageRelationshipCollection - Parsing relationship: /xl/worksheets/_rels/sheet1.xml.rels
2026-05-17 19:38:53 [main] DEBUG org.apache.poi.openxml4j.opc.PackageRelationshipCollection - Parsing relationship: /_rels/.rels
2026-05-17 19:38:54 [main] DEBUG org.apache.poi.openxml4j.opc.PackageRelationshipCollection - Parsing relationship: /xl/_rels/workbook.xml.rels
2026-05-17 19:38:54 [main] DEBUG org.apache.poi.openxml4j.opc.PackageRelationshipCollection - Parsing relationship: /xl/worksheets/_rels/sheet1.xml.rels
2026-05-17 19:38:54 [main] DEBUG org.apache.poi.openxml4j.opc.PackageRelationshipCollection - Parsing relationship: /_rels/.rels
2026-05-17 19:38:54 [main] INFO  testCases.TC_003LoginDDT - login test
2026-05-17 19:38:54 [main] INFO  testCases.TC_003LoginDDT - login test
2026-05-17 19:39:09 [main] INFO  testCases.TC_003LoginDDT - finished login test
2026-05-17 19:39:09 [main] INFO  testCases.TC_003LoginDDT - login test
2026-05-17 19:39:26 [main] INFO  testCases.TC_003LoginDDT - finished login test
2026-05-17 19:39:26 [main] INFO  testCases.TC_003LoginDDT - login test
2026-05-17 19:39:26 [main] INFO  testCases.TC_003LoginDDT - login test
2026-05-17 19:40:04 [main] DEBUG org.apache.poi.openxml4j.opc.PackageRelationshipCollection - Parsing relationship: /xl/_rels/workbook.xml.rels
2026-05-17 19:40:04 [main] DEBUG org.apache.poi.openxml4j.opc.PackageRelationshipCollection - Parsing relationship: /xl/worksheets/_rels/sheet1.xml.rels
2026-05-17 19:40:04 [main] DEBUG org.apache.poi.openxml4j.opc.PackageRelationshipCollection - Parsing relationship: /_rels/.rels
2026-05-17 19:40:05 [main] DEBUG org.apache.poi.openxml4j.opc.PackageRelationshipCollection - Parsing relationship: /xl/_rels/workbook.xml.rels
2026-05-17 19:40:05 [main] DEBUG org.apache.poi.openxml4j.opc.PackageRelationshipCollection - Parsing relationship: /xl/worksheets/_rels/sheet1.xml.rels
2026-05-17 19:40:05 [main] DEBUG org.apache.poi.openxml4j.opc.PackageRelationshipCollection - Parsing relationship: /_rels/.rels
2026-05-17 19:40:05 [main] DEBUG org.apache.poi.openxml4j.opc.PackageRelationshipCollection - Parsing relationship: /xl/_rels/workbook.xml.rels
2026-05-17 19:40:05 [main] DEBUG org.apache.poi.openxml4j.opc.PackageRelationshipCollection - Parsing relationship: /xl/worksheets/_rels/sheet1.xml.rels
2026-05-17 19:40:05 [main] DEBUG org.apache.poi.openxml4j.opc.PackageRelationshipCollection - Parsing relationship: /_rels/.rels
2026-05-17 19:40:05 [main] DEBUG org.apache.poi.openxml4j.opc.PackageRelationshipCollection - Parsing relationship: /xl/_rels/workbook.xml.rels
2026-05-17 19:40:05 [main] DEBUG org.apache.poi.openxml4j.opc.PackageRelationshipCollection - Parsing relationship: /xl/worksheets/_rels/sheet1.xml.rels
2026-05-17 19:40:05 [main] DEBUG org.apache.poi.openxml4j.opc.PackageRelationshipCollection - Parsing relationship: /_rels/.rels
2026-05-17 19:40:05 [main] DEBUG org.apache.poi.openxml4j.opc.PackageRelationshipCollection - Parsing relationship: /xl/_rels/workbook.xml.rels
2026-05-17 19:40:05 [main] DEBUG org.apache.poi.openxml4j.opc.PackageRelationshipCollection - Parsing relationship: /xl/worksheets/_rels/sheet1.xml.rels
2026-05-17 19:40:05 [main] DEBUG org.apache.poi.openxml4j.opc.PackageRelationshipCollection - Parsing relationship: /_rels/.rels
2026-05-17 19:40:05 [main] DEBUG org.apache.poi.openxml4j.opc.PackageRelationshipCollection - Parsing relationship: /xl/_rels/workbook.xml.rels
2026-05-17 19:40:05 [main] DEBUG org.apache.poi.openxml4j.opc.PackageRelationshipCollection - Parsing relationship: /xl/worksheets/_rels/sheet1.xml.rels
2026-05-17 19:40:05 [main] DEBUG org.apache.poi.openxml4j.opc.PackageRelationshipCollection - Parsing relationship: /_rels/.rels
2026-05-17 19:40:06 [main] DEBUG org.apache.poi.openxml4j.opc.PackageRelationshipCollection - Parsing relationship: /xl/_rels/workbook.xml.rels
2026-05-17 19:40:06 [main] DEBUG org.apache.poi.openxml4j.opc.PackageRelationshipCollection - Parsing relationship: /xl/worksheets/_rels/sheet1.xml.rels
2026-05-17 19:40:06 [main] DEBUG org.apache.poi.openxml4j.opc.PackageRelationshipCollection - Parsing relationship: /_rels/.rels
2026-05-17 19:40:06 [main] DEBUG org.apache.poi.openxml4j.opc.PackageRelationshipCollection - Parsing relationship: /xl/_rels/workbook.xml.rels
2026-05-17 19:40:06 [main] DEBUG org.apache.poi.openxml4j.opc.PackageRelationshipCollection - Parsing relationship: /xl/worksheets/_rels/sheet1.xml.rels
2026-05-17 19:40:06 [main] DEBUG org.apache.poi.openxml4j.opc.PackageRelationshipCollection - Parsing relationship: /_rels/.rels
2026-05-17 19:40:06 [main] DEBUG org.apache.poi.openxml4j.opc.PackageRelationshipCollection - Parsing relationship: /xl/_rels/workbook.xml.rels
2026-05-17 19:40:06 [main] DEBUG org.apache.poi.openxml4j.opc.PackageRelationshipCollection - Parsing relationship: /xl/worksheets/_rels/sheet1.xml.rels
2026-05-17 19:40:06 [main] DEBUG org.apache.poi.openxml4j.opc.PackageRelationshipCollection - Parsing relationship: /_rels/.rels
2026-05-17 19:40:06 [main] DEBUG org.apache.poi.openxml4j.opc.PackageRelationshipCollection - Parsing relationship: /xl/_rels/workbook.xml.rels
2026-05-17 19:40:06 [main] DEBUG org.apache.poi.openxml4j.opc.PackageRelationshipCollection - Parsing relationship: /xl/worksheets/_rels/sheet1.xml.rels
2026-05-17 19:40:06 [main] DEBUG org.apache.poi.openxml4j.opc.PackageRelationshipCollection - Parsing relationship: /_rels/.rels
2026-05-17 19:40:06 [main] DEBUG org.apache.poi.openxml4j.opc.PackageRelationshipCollection - Parsing relationship: /xl/_rels/workbook.xml.rels
2026-05-17 19:40:06 [main] DEBUG org.apache.poi.openxml4j.opc.PackageRelationshipCollection - Parsing relationship: /xl/worksheets/_rels/sheet1.xml.rels
2026-05-17 19:40:06 [main] DEBUG org.apache.poi.openxml4j.opc.PackageRelationshipCollection - Parsing relationship: /_rels/.rels
2026-05-17 19:40:06 [main] DEBUG org.apache.poi.openxml4j.opc.PackageRelationshipCollection - Parsing relationship: /xl/_rels/workbook.xml.rels
2026-05-17 19:40:06 [main] DEBUG org.apache.poi.openxml4j.opc.PackageRelationshipCollection - Parsing relationship: /xl/worksheets/_rels/sheet1.xml.rels
2026-05-17 19:40:06 [main] DEBUG org.apache.poi.openxml4j.opc.PackageRelationshipCollection - Parsing relationship: /_rels/.rels
2026-05-17 19:40:06 [main] DEBUG org.apache.poi.openxml4j.opc.PackageRelationshipCollection - Parsing relationship: /xl/_rels/workbook.xml.rels
2026-05-17 19:40:06 [main] DEBUG org.apache.poi.openxml4j.opc.PackageRelationshipCollection - Parsing relationship: /xl/worksheets/_rels/sheet1.xml.rels
2026-05-17 19:40:06 [main] DEBUG org.apache.poi.openxml4j.opc.PackageRelationshipCollection - Parsing relationship: /_rels/.rels
2026-05-17 19:40:06 [main] DEBUG org.apache.poi.openxml4j.opc.PackageRelationshipCollection - Parsing relationship: /xl/_rels/workbook.xml.rels
2026-05-17 19:40:06 [main] DEBUG org.apache.poi.openxml4j.opc.PackageRelationshipCollection - Parsing relationship: /xl/worksheets/_rels/sheet1.xml.rels
2026-05-17 19:40:06 [main] DEBUG org.apache.poi.openxml4j.opc.PackageRelationshipCollection - Parsing relationship: /_rels/.rels
2026-05-17 19:40:06 [main] DEBUG org.apache.poi.openxml4j.opc.PackageRelationshipCollection - Parsing relationship: /xl/_rels/workbook.xml.rels
2026-05-17 19:40:06 [main] DEBUG org.apache.poi.openxml4j.opc.PackageRelationshipCollection - Parsing relationship: /xl/worksheets/_rels/sheet1.xml.rels
2026-05-17 19:40:06 [main] DEBUG org.apache.poi.openxml4j.opc.PackageRelationshipCollection - Parsing relationship: /_rels/.rels
2026-05-17 19:40:06 [main] DEBUG org.apache.poi.openxml4j.opc.PackageRelationshipCollection - Parsing relationship: /xl/_rels/workbook.xml.rels
2026-05-17 19:40:06 [main] DEBUG org.apache.poi.openxml4j.opc.PackageRelationshipCollection - Parsing relationship: /xl/worksheets/_rels/sheet1.xml.rels
2026-05-17 19:40:06 [main] DEBUG org.apache.poi.openxml4j.opc.PackageRelationshipCollection - Parsing relationship: /_rels/.rels
2026-05-17 19:40:06 [main] DEBUG org.apache.poi.openxml4j.opc.PackageRelationshipCollection - Parsing relationship: /xl/_rels/workbook.xml.rels
2026-05-17 19:40:06 [main] DEBUG org.apache.poi.openxml4j.opc.PackageRelationshipCollection - Parsing relationship: /xl/worksheets/_rels/sheet1.xml.rels
2026-05-17 19:40:06 [main] DEBUG org.apache.poi.openxml4j.opc.PackageRelationshipCollection - Parsing relationship: /_rels/.rels
2026-05-17 19:40:06 [main] INFO  testCases.TC_003LoginDDT - login test
2026-05-17 19:40:07 [main] INFO  testCases.TC_003LoginDDT - login test
2026-05-17 19:40:18 [main] INFO  testCases.TC_003LoginDDT - finished login test
2026-05-17 19:40:18 [main] INFO  testCases.TC_003LoginDDT - login test
2026-05-17 19:40:29 [main] INFO  testCases.TC_003LoginDDT - finished login test
2026-05-17 19:40:29 [main] INFO  testCases.TC_003LoginDDT - login test
2026-05-17 19:40:39 [main] INFO  testCases.TC_003LoginDDT - finished login test
2026-05-17 19:40:39 [main] INFO  testCases.TC_003LoginDDT - login test
2026-05-17 19:40:49 [main] INFO  testCases.TC_003LoginDDT - finished login test
2026-05-17 19:49:32 [main] DEBUG org.apache.poi.openxml4j.opc.PackageRelationshipCollection - Parsing relationship: /xl/_rels/workbook.xml.rels
2026-05-17 19:49:32 [main] DEBUG org.apache.poi.openxml4j.opc.PackageRelationshipCollection - Parsing relationship: /xl/worksheets/_rels/sheet1.xml.rels
2026-05-17 19:49:32 [main] DEBUG org.apache.poi.openxml4j.opc.PackageRelationshipCollection - Parsing relationship: /_rels/.rels
2026-05-17 19:49:33 [main] DEBUG org.apache.poi.openxml4j.opc.PackageRelationshipCollection - Parsing relationship: /xl/_rels/workbook.xml.rels
2026-05-17 19:49:33 [main] DEBUG org.apache.poi.openxml4j.opc.PackageRelationshipCollection - Parsing relationship: /xl/worksheets/_rels/sheet1.xml.rels
2026-05-17 19:49:33 [main] DEBUG org.apache.poi.openxml4j.opc.PackageRelationshipCollection - Parsing relationship: /_rels/.rels
2026-05-17 19:49:33 [main] DEBUG org.apache.poi.openxml4j.opc.PackageRelationshipCollection - Parsing relationship: /xl/_rels/workbook.xml.rels
2026-05-17 19:49:33 [main] DEBUG org.apache.poi.openxml4j.opc.PackageRelationshipCollection - Parsing relationship: /xl/worksheets/_rels/sheet1.xml.rels
2026-05-17 19:49:33 [main] DEBUG org.apache.poi.openxml4j.opc.PackageRelationshipCollection - Parsing relationship: /_rels/.rels
2026-05-17 19:49:33 [main] DEBUG org.apache.poi.openxml4j.opc.PackageRelationshipCollection - Parsing relationship: /xl/_rels/workbook.xml.rels
2026-05-17 19:49:33 [main] DEBUG org.apache.poi.openxml4j.opc.PackageRelationshipCollection - Parsing relationship: /xl/worksheets/_rels/sheet1.xml.rels
2026-05-17 19:49:33 [main] DEBUG org.apache.poi.openxml4j.opc.PackageRelationshipCollection - Parsing relationship: /_rels/.rels
2026-05-17 19:49:33 [main] DEBUG org.apache.poi.openxml4j.opc.PackageRelationshipCollection - Parsing relationship: /xl/_rels/workbook.xml.rels
2026-05-17 19:49:33 [main] DEBUG org.apache.poi.openxml4j.opc.PackageRelationshipCollection - Parsing relationship: /xl/worksheets/_rels/sheet1.xml.rels
2026-05-17 19:49:33 [main] DEBUG org.apache.poi.openxml4j.opc.PackageRelationshipCollection - Parsing relationship: /_rels/.rels
2026-05-17 19:49:33 [main] DEBUG org.apache.poi.openxml4j.opc.PackageRelationshipCollection - Parsing relationship: /xl/_rels/workbook.xml.rels
2026-05-17 19:49:33 [main] DEBUG org.apache.poi.openxml4j.opc.PackageRelationshipCollection - Parsing relationship: /xl/worksheets/_rels/sheet1.xml.rels
2026-05-17 19:49:33 [main] DEBUG org.apache.poi.openxml4j.opc.PackageRelationshipCollection - Parsing relationship: /_rels/.rels
2026-05-17 19:49:33 [main] DEBUG org.apache.poi.openxml4j.opc.PackageRelationshipCollection - Parsing relationship: /xl/_rels/workbook.xml.rels
2026-05-17 19:49:33 [main] DEBUG org.apache.poi.openxml4j.opc.PackageRelationshipCollection - Parsing relationship: /xl/worksheets/_rels/sheet1.xml.rels
2026-05-17 19:49:33 [main] DEBUG org.apache.poi.openxml4j.opc.PackageRelationshipCollection - Parsing relationship: /_rels/.rels
2026-05-17 19:49:33 [main] DEBUG org.apache.poi.openxml4j.opc.PackageRelationshipCollection - Parsing relationship: /xl/_rels/workbook.xml.rels
2026-05-17 19:49:33 [main] DEBUG org.apache.poi.openxml4j.opc.PackageRelationshipCollection - Parsing relationship: /xl/worksheets/_rels/sheet1.xml.rels
2026-05-17 19:49:33 [main] DEBUG org.apache.poi.openxml4j.opc.PackageRelationshipCollection - Parsing relationship: /_rels/.rels
2026-05-17 19:49:33 [main] DEBUG org.apache.poi.openxml4j.opc.PackageRelationshipCollection - Parsing relationship: /xl/_rels/workbook.xml.rels
2026-05-17 19:49:33 [main] DEBUG org.apache.poi.openxml4j.opc.PackageRelationshipCollection - Parsing relationship: /xl/worksheets/_rels/sheet1.xml.rels
2026-05-17 19:49:33 [main] DEBUG org.apache.poi.openxml4j.opc.PackageRelationshipCollection - Parsing relationship: /_rels/.rels
2026-05-17 19:49:33 [main] DEBUG org.apache.poi.openxml4j.opc.PackageRelationshipCollection - Parsing relationship: /xl/_rels/workbook.xml.rels
2026-05-17 19:49:33 [main] DEBUG org.apache.poi.openxml4j.opc.PackageRelationshipCollection - Parsing relationship: /xl/worksheets/_rels/sheet1.xml.rels
2026-05-17 19:49:33 [main] DEBUG org.apache.poi.openxml4j.opc.PackageRelationshipCollection - Parsing relationship: /_rels/.rels
2026-05-17 19:49:33 [main] DEBUG org.apache.poi.openxml4j.opc.PackageRelationshipCollection - Parsing relationship: /xl/_rels/workbook.xml.rels
2026-05-17 19:49:33 [main] DEBUG org.apache.poi.openxml4j.opc.PackageRelationshipCollection - Parsing relationship: /xl/worksheets/_rels/sheet1.xml.rels
2026-05-17 19:49:33 [main] DEBUG org.apache.poi.openxml4j.opc.PackageRelationshipCollection - Parsing relationship: /_rels/.rels
2026-05-17 19:49:33 [main] DEBUG org.apache.poi.openxml4j.opc.PackageRelationshipCollection - Parsing relationship: /xl/_rels/workbook.xml.rels
2026-05-17 19:49:33 [main] DEBUG org.apache.poi.openxml4j.opc.PackageRelationshipCollection - Parsing relationship: /xl/worksheets/_rels/sheet1.xml.rels
2026-05-17 19:49:33 [main] DEBUG org.apache.poi.openxml4j.opc.PackageRelationshipCollection - Parsing relationship: /_rels/.rels
2026-05-17 19:49:33 [main] DEBUG org.apache.poi.openxml4j.opc.PackageRelationshipCollection - Parsing relationship: /xl/_rels/workbook.xml.rels
2026-05-17 19:49:33 [main] DEBUG org.apache.poi.openxml4j.opc.PackageRelationshipCollection - Parsing relationship: /xl/worksheets/_rels/sheet1.xml.rels
2026-05-17 19:49:33 [main] DEBUG org.apache.poi.openxml4j.opc.PackageRelationshipCollection - Parsing relationship: /_rels/.rels
2026-05-17 19:49:33 [main] DEBUG org.apache.poi.openxml4j.opc.PackageRelationshipCollection - Parsing relationship: /xl/_rels/workbook.xml.rels
2026-05-17 19:49:33 [main] DEBUG org.apache.poi.openxml4j.opc.PackageRelationshipCollection - Parsing relationship: /xl/worksheets/_rels/sheet1.xml.rels
2026-05-17 19:49:33 [main] DEBUG org.apache.poi.openxml4j.opc.PackageRelationshipCollection - Parsing relationship: /_rels/.rels
2026-05-17 19:49:33 [main] DEBUG org.apache.poi.openxml4j.opc.PackageRelationshipCollection - Parsing relationship: /xl/_rels/workbook.xml.rels
2026-05-17 19:49:33 [main] DEBUG org.apache.poi.openxml4j.opc.PackageRelationshipCollection - Parsing relationship: /xl/worksheets/_rels/sheet1.xml.rels
2026-05-17 19:49:33 [main] DEBUG org.apache.poi.openxml4j.opc.PackageRelationshipCollection - Parsing relationship: /_rels/.rels
2026-05-17 19:49:33 [main] DEBUG org.apache.poi.openxml4j.opc.PackageRelationshipCollection - Parsing relationship: /xl/_rels/workbook.xml.rels
2026-05-17 19:49:33 [main] DEBUG org.apache.poi.openxml4j.opc.PackageRelationshipCollection - Parsing relationship: /xl/worksheets/_rels/sheet1.xml.rels
2026-05-17 19:49:33 [main] DEBUG org.apache.poi.openxml4j.opc.PackageRelationshipCollection - Parsing relationship: /_rels/.rels
2026-05-17 19:49:33 [main] DEBUG org.apache.poi.openxml4j.opc.PackageRelationshipCollection - Parsing relationship: /xl/_rels/workbook.xml.rels
2026-05-17 19:49:33 [main] DEBUG org.apache.poi.openxml4j.opc.PackageRelationshipCollection - Parsing relationship: /xl/worksheets/_rels/sheet1.xml.rels
2026-05-17 19:49:33 [main] DEBUG org.apache.poi.openxml4j.opc.PackageRelationshipCollection - Parsing relationship: /_rels/.rels
2026-05-17 19:49:34 [main] INFO  testCases.TC_003LoginDDT - login test
2026-05-17 19:49:34 [main] INFO  testCases.TC_003LoginDDT - login test
2026-05-17 19:49:44 [main] INFO  testCases.TC_003LoginDDT - finished login test
2026-05-17 19:49:44 [main] INFO  testCases.TC_003LoginDDT - login test
2026-05-17 19:49:55 [main] INFO  testCases.TC_003LoginDDT - finished login test
2026-05-17 19:49:55 [main] INFO  testCases.TC_003LoginDDT - login test
2026-05-17 19:49:55 [main] INFO  testCases.TC_003LoginDDT - login test
2026-05-17 20:32:09 [main] INFO  testCases.TC001_AccountRegistrationTest - starting account registration page
2026-05-17 20:32:09 [main] INFO  testCases.TC001_AccountRegistrationTest - clicked on myaccount link
2026-05-17 20:32:09 [main] INFO  testCases.TC001_AccountRegistrationTest - clicked on registration link
2026-05-17 20:32:14 [main] INFO  testCases.TC001_AccountRegistrationTest - providing customer info
2026-05-17 20:32:20 [main] INFO  testCases.TC001_AccountRegistrationTest - validating account registration
2026-05-17 20:32:25 [main] INFO  testCases.TC001_AccountRegistrationTest - finished
2026-05-17 20:33:00 [main] INFO  testCases.TC_002LoginTest - starting login test
2026-05-17 20:33:00 [main] INFO  testCases.TC_002LoginTest - clicked my account
2026-05-17 20:33:00 [main] INFO  testCases.TC_002LoginTest - clicked my login
2026-05-17 20:33:05 [main] INFO  testCases.TC_002LoginTest - passed email
2026-05-17 20:33:11 [main] INFO  testCases.TC_002LoginTest - passed password
2026-05-17 20:33:11 [main] INFO  testCases.TC_002LoginTest - checking is my acc exist
2026-05-17 20:33:16 [main] INFO  testCases.TC_002LoginTest - finished login page
2026-05-18 11:17:48 [TestNG-tests-1] INFO  testCases.TC001_AccountRegistrationTest - starting account registration page
2026-05-18 11:17:49 [TestNG-tests-1] INFO  testCases.TC001_AccountRegistrationTest - clicked on myaccount link
2026-05-18 11:17:49 [TestNG-tests-1] INFO  testCases.TC001_AccountRegistrationTest - clicked on registration link
2026-05-18 11:17:54 [TestNG-tests-1] INFO  testCases.TC001_AccountRegistrationTest - providing customer info
2026-05-18 11:17:54 [TestNG-tests-2] INFO  testCases.TC001_AccountRegistrationTest - starting account registration page
2026-05-18 11:17:54 [TestNG-tests-2] INFO  testCases.TC001_AccountRegistrationTest - clicked on myaccount link
2026-05-18 11:17:55 [TestNG-tests-2] INFO  testCases.TC001_AccountRegistrationTest - clicked on registration link
2026-05-18 11:18:00 [TestNG-tests-2] INFO  testCases.TC001_AccountRegistrationTest - providing customer info
2026-05-18 11:18:08 [TestNG-tests-2] INFO  testCases.TC001_AccountRegistrationTest - validating account registration
2026-05-18 11:18:13 [TestNG-tests-2] INFO  testCases.TC001_AccountRegistrationTest - finished
2026-05-18 11:18:19 [TestNG-tests-2] INFO  testCases.TC_002LoginTest - starting login test
2026-05-18 11:18:19 [TestNG-tests-2] INFO  testCases.TC_002LoginTest - clicked my account
2026-05-18 11:18:20 [TestNG-tests-2] INFO  testCases.TC_002LoginTest - clicked my login
2026-05-18 11:18:25 [TestNG-tests-2] INFO  testCases.TC_002LoginTest - passed email
2026-05-18 11:18:30 [TestNG-tests-2] INFO  testCases.TC_002LoginTest - passed password
2026-05-18 11:18:31 [TestNG-tests-2] INFO  testCases.TC_002LoginTest - checking is my acc exist
2026-05-18 11:18:36 [TestNG-tests-2] INFO  testCases.TC_002LoginTest - finished login page
2026-05-18 11:25:58 [TestNG-tests-1] INFO  testCases.TC001_AccountRegistrationTest - starting account registration page
2026-05-18 11:25:58 [TestNG-tests-2] INFO  testCases.TC001_AccountRegistrationTest - starting account registration page
2026-05-18 11:25:59 [TestNG-tests-2] INFO  testCases.TC001_AccountRegistrationTest - clicked on myaccount link
2026-05-18 11:25:59 [TestNG-tests-1] INFO  testCases.TC001_AccountRegistrationTest - clicked on myaccount link
2026-05-18 11:26:36 [TestNG-tests-2] INFO  testCases.TC_002LoginTest - starting login test
2026-05-18 11:26:36 [TestNG-tests-2] INFO  testCases.TC_002LoginTest - clicked my account
2026-05-18 11:26:36 [TestNG-tests-2] INFO  testCases.TC_002LoginTest - clicked my login
2026-05-18 11:26:42 [TestNG-tests-2] INFO  testCases.TC_002LoginTest - passed email
2026-05-18 11:26:48 [TestNG-tests-2] INFO  testCases.TC_002LoginTest - passed password
2026-05-18 11:26:50 [TestNG-tests-2] INFO  testCases.TC_002LoginTest - checking is my acc exist
2026-05-18 11:26:55 [TestNG-tests-2] INFO  testCases.TC_002LoginTest - finished login page
